#! /usr/bin/vvp
:ivl_version "12.0 (stable)";
:ivl_delay_selection "TYPICAL";
:vpi_time_precision - 12;
:vpi_module "/usr/lib/x86_64-linux-gnu/ivl/system.vpi";
:vpi_module "/usr/lib/x86_64-linux-gnu/ivl/vhdl_sys.vpi";
:vpi_module "/usr/lib/x86_64-linux-gnu/ivl/vhdl_textio.vpi";
:vpi_module "/usr/lib/x86_64-linux-gnu/ivl/v2005_math.vpi";
:vpi_module "/usr/lib/x86_64-linux-gnu/ivl/va_math.vpi";
:vpi_module "/usr/lib/x86_64-linux-gnu/ivl/v2009.vpi";
S_0x5607c39dfc40 .scope package, "$unit" "$unit" 2 1;
 .timescale 0 0;
S_0x5607c39dfdd0 .scope module, "wave_restartable_rate_generator" "wave_restartable_rate_generator" 3 2;
 .timescale -9 -12;
v0x5607c39f43f0_0 .var "clk", 0 0;
v0x5607c39f4490_0 .var "run", 0 0;
v0x5607c39f4560_0 .net "tick", 0 0, L_0x5607c39f4690;  1 drivers
S_0x5607c39a2490 .scope module, "dut" "restartable_rate_generator" 3 9, 4 4 0, S_0x5607c39dfdd0;
 .timescale -9 -12;
    .port_info 0 /INPUT 1 "clk";
    .port_info 1 /INPUT 1 "run";
    .port_info 2 /OUTPUT 1 "tick";
P_0x5607c39c9190 .param/l "CYCLE_COUNT" 0 4 5, +C4<00000000000000000000000000000101>;
P_0x5607c39c91d0 .param/l "WIDTH" 1 4 17, +C4<00000000000000000000000000000011>;
L_0x76c543a5c018 .functor BUFT 1, C4<100>, C4<0>, C4<0>, C4<0>;
v0x5607c39e0310_0 .net/2u *"_ivl_0", 2 0, L_0x76c543a5c018;  1 drivers
v0x5607c39f3ff0_0 .net "clk", 0 0, v0x5607c39f43f0_0;  1 drivers
v0x5607c39f40b0_0 .net "run", 0 0, v0x5607c39f4490_0;  1 drivers
v0x5607c39f4180_0 .var "state", 2 0;
v0x5607c39f4260_0 .net "tick", 0 0, L_0x5607c39f4690;  alias, 1 drivers
L_0x5607c39f4690 .cmp/eq 3, v0x5607c39f4180_0, L_0x76c543a5c018;
S_0x5607c39a2740 .scope generate, "gen_cycle_gt1" "gen_cycle_gt1" 4 31, 4 31 0, S_0x5607c39a2490;
 .timescale -9 -12;
E_0x5607c39a2b30 .event posedge, v0x5607c39f3ff0_0;
    .scope S_0x5607c39a2740;
T_0 ;
    %wait E_0x5607c39a2b30;
    %load/vec4 v0x5607c39f40b0_0;
    %nor/r;
    %flag_set/vec4 8;
    %jmp/0xz  T_0.0, 8;
    %pushi/vec4 0, 0, 3;
    %assign/vec4 v0x5607c39f4180_0, 0;
    %jmp T_0.1;
T_0.0 ;
    %load/vec4 v0x5607c39f4180_0;
    %cmpi/e 4, 0, 3;
    %jmp/0xz  T_0.2, 4;
    %pushi/vec4 0, 0, 3;
    %assign/vec4 v0x5607c39f4180_0, 0;
    %jmp T_0.3;
T_0.2 ;
    %load/vec4 v0x5607c39f4180_0;
    %addi 1, 0, 3;
    %assign/vec4 v0x5607c39f4180_0, 0;
T_0.3 ;
T_0.1 ;
    %jmp T_0;
    .thread T_0;
    .scope S_0x5607c39dfdd0;
T_1 ;
    %pushi/vec4 0, 0, 1;
    %store/vec4 v0x5607c39f43f0_0, 0, 1;
    %pushi/vec4 0, 0, 1;
    %store/vec4 v0x5607c39f4490_0, 0, 1;
    %end;
    .thread T_1, $init;
    .scope S_0x5607c39dfdd0;
T_2 ;
    %delay 5000, 0;
    %load/vec4 v0x5607c39f43f0_0;
    %inv;
    %store/vec4 v0x5607c39f43f0_0, 0, 1;
    %jmp T_2;
    .thread T_2;
    .scope S_0x5607c39dfdd0;
T_3 ;
    %vpi_call/w 3 18 "$dumpfile", "wave_restartable_rate_generator.vcd" {0 0 0};
    %vpi_call/w 3 19 "$dumpvars", 32'sb00000000000000000000000000000000, S_0x5607c39dfdd0 {0 0 0};
    %delay 30000, 0;
    %pushi/vec4 1, 0, 1;
    %store/vec4 v0x5607c39f4490_0, 0, 1;
    %delay 130000, 0;
    %pushi/vec4 0, 0, 1;
    %store/vec4 v0x5607c39f4490_0, 0, 1;
    %delay 30000, 0;
    %pushi/vec4 1, 0, 1;
    %store/vec4 v0x5607c39f4490_0, 0, 1;
    %delay 90000, 0;
    %pushi/vec4 0, 0, 1;
    %store/vec4 v0x5607c39f4490_0, 0, 1;
    %delay 20000, 0;
    %vpi_call/w 3 33 "$finish" {0 0 0};
    %end;
    .thread T_3;
# The file index is used to find the file name in the following table.
:file_names 5;
    "N/A";
    "<interactive>";
    "-";
    "tb/wave_restartable_rate_generator.v";
    "rtl/restartable_rate_generator.sv";
